<?xml version="1.0" encoding="UTF-8"?>
<testng-results ignored="0" total="1" passed="1" failed="0" skipped="0">
  <reporter-output>
  </reporter-output>
  <suite started-at="2025-01-15T20:07:48Z" name="Default suite" finished-at="2025-01-15T20:07:51Z" duration-ms="3056">
    <groups>
    </groups>
    <test started-at="2025-01-15T20:07:48Z" name="Default test" finished-at="2025-01-15T20:07:51Z" duration-ms="3056">
      <class name="pruebaSelenium.NewTest">
        <test-method signature="f()[pri:0, instance:pruebaSelenium.NewTest@1bae316d]" started-at="2025-01-15T14:07:48Z" name="f" finished-at="2025-01-15T14:07:51Z" duration-ms="3049" status="PASS">
          <reporter-output>
          </reporter-output>
        </test-method> <!-- f -->
      </class> <!-- pruebaSelenium.NewTest -->
    </test> <!-- Default test -->
  </suite> <!-- Default suite -->
</testng-results>
